{"E:\\MyCode\\TermRepo\\TermRepoService\\src\\api-health\\api-health.controller.ts": {"path":"E:\\MyCode\\TermRepo\\TermRepoService\\src\\api-health\\api-health.controller.ts","statementMap":{"0":{"start":{"line":1,"column":0},"end":{"line":1,"column":49}},"1":{"start":{"line":2,"column":0},"end":{"line":2,"column":44}},"2":{"start":{"line":5,"column":7},"end":{"line":10,"column":null}},"3":{"start":{"line":8,"column":4},"end":{"line":8,"column":64}},"4":{"start":{"line":5,"column":13},"end":{"line":5,"column":32}},"5":{"start":{"line":7,"column":2},"end":{"line":9,"column":null}},"6":{"start":{"line":5,"column":13},"end":{"line":10,"column":null}}},"fnMap":{"0":{"name":"(anonymous_2)","decl":{"start":{"line":7,"column":2},"end":{"line":7,"column":7}},"loc":{"start":{"line":7,"column":7},"end":{"line":9,"column":3}}}},"branchMap":{},"s":{"0":1,"1":1,"2":1,"3":1,"4":1,"5":1,"6":1},"f":{"0":1},"b":{}}
,"E:\\MyCode\\TermRepo\\TermRepoService\\src\\common\\api-response.ts": {"path":"E:\\MyCode\\TermRepo\\TermRepoService\\src\\common\\api-response.ts","statementMap":{"0":{"start":{"line":7,"column":0},"end":{"line":7,"column":16}},"1":{"start":{"line":8,"column":2},"end":{"line":8,"column":36}}},"fnMap":{"0":{"name":"ok","decl":{"start":{"line":7,"column":16},"end":{"line":7,"column":18}},"loc":{"start":{"line":7,"column":45},"end":{"line":9,"column":1}}}},"branchMap":{"0":{"loc":{"start":{"line":7,"column":31},"end":{"line":7,"column":45}},"type":"default-arg","locations":[{"start":{"line":7,"column":41},"end":{"line":7,"column":45}}]}},"s":{"0":1,"1":1},"f":{"0":1},"b":{"0":[1]}}
}
